<?xml version="1.0" encoding="UTF-8"?>
<!-- Generated by org.testng.reporters.JUnitXMLReporter -->
<testsuite ignored="0" hostname="ArunMotoori" failures="2" tests="14" name="Test" time="56.66" errors="0" timestamp="2022-11-16T15:01:09 IST">
  <testcase classname="tests.Login" name="loginWithValidCredentials" time="1.158"/>
  <testcase classname="tests.Login" name="loginWithValidCredentials" time="1.156"/>
  <testcase classname="tests.Login" name="loginWithValidCredentials" time="1.3"/>
  <testcase classname="tests.Login" name="loginWithInvalidEmailAndValidPassword" time="1.122"/>
  <testcase classname="tests.Login" name="loginWithValidEmailAndInvalidPassword" time="0.923"/>
  <testcase classname="tests.Login" name="loginWithInvalidCredentials" time="1.021"/>
  <testcase classname="tests.Login" name="loginWithoutProvidingAnyCredentials" time="0.969"/>
  <testcase classname="tests.Register" name="registerWithMandatoryFields" time="1.808"/>
  <testcase classname="tests.Register" name="registerWithAllFields" time="1.849"/>
  <testcase classname="tests.Register" name="registerWithoutFillingAnyFieds" time="1.159"/>
  <testcase classname="tests.Register" name="registerWithDuplicateEmailAddress" time="1.993"/>
  <testcase classname="tests.Search" name="searchForAValidProduct" time="0.607">
    <failure type="java.lang.AssertionError" message="expected [false] but found [true]">
      <![CDATA[java.lang.AssertionError: expected [false] but found [true]
at tests.Search.searchForAValidProduct(Search.java:40)
at java.base/java.util.ArrayList.forEach(ArrayList.java:1511)
... Removed 31 stack frames]]>
    </failure>
  </testcase> <!-- searchForAValidProduct -->
  <testcase classname="tests.Search" name="searchWithAnInvalidProduct" time="0.693">
    <failure type="java.lang.AssertionError" message="did not expect [There is no product that matches the search criteria.] but found [There is no product that matches the search criteria.]">
      <![CDATA[java.lang.AssertionError: did not expect [There is no product that matches the search criteria.] but found [There is no product that matches the search criteria.]
at tests.Search.searchWithAnInvalidProduct(Search.java:50)
at java.base/java.util.ArrayList.forEach(ArrayList.java:1511)
... Removed 32 stack frames]]>
    </failure>
  </testcase> <!-- searchWithAnInvalidProduct -->
  <testcase classname="tests.Search" name="searchWithoutEnteringProductDetails" time="0.0">
    <skipped/>
  </testcase> <!-- searchWithoutEnteringProductDetails -->
</testsuite> <!-- Test -->
