<?xml version="1.0" encoding="UTF-8"?>
<!-- Generated by org.testng.reporters.JUnitXMLReporter -->
<testsuite ignored="0" hostname="ArunMotoori" failures="2" tests="14" name="Test" time="58.712" errors="0" timestamp="2022-11-16T16:17:09 IST">
  <testcase classname="tests.LoginTest" name="loginWithValidCredentials" time="1.318"/>
  <testcase classname="tests.LoginTest" name="loginWithValidCredentials" time="1.16"/>
  <testcase classname="tests.LoginTest" name="loginWithValidCredentials" time="1.366"/>
  <testcase classname="tests.LoginTest" name="loginWithInvalidEmailAndValidPassword" time="1.317"/>
  <testcase classname="tests.LoginTest" name="loginWithValidEmailAndInvalidPassword" time="1.13"/>
  <testcase classname="tests.LoginTest" name="loginWithInvalidCredentials" time="1.276"/>
  <testcase classname="tests.LoginTest" name="loginWithoutProvidingAnyCredentials" time="1.017"/>
  <testcase classname="tests.RegisterTest" name="registerWithMandatoryFields" time="1.965"/>
  <testcase classname="tests.RegisterTest" name="registerWithAllFields" time="2.11"/>
  <testcase classname="tests.RegisterTest" name="registerWithoutFillingAnyFieds" time="1.275"/>
  <testcase classname="tests.RegisterTest" name="registerWithDuplicateEmailAddress" time="1.961"/>
  <testcase classname="tests.SearchTest" name="searchForAValidProduct" time="0.623">
    <failure type="java.lang.AssertionError" message="expected [false] but found [true]">
      <![CDATA[java.lang.AssertionError: expected [false] but found [true]
at tests.SearchTest.searchForAValidProduct(SearchTest.java:40)
at java.base/java.util.ArrayList.forEach(ArrayList.java:1511)
... Removed 35 stack frames]]>
    </failure>
  </testcase> <!-- searchForAValidProduct -->
  <testcase classname="tests.SearchTest" name="searchWithAnInvalidProduct" time="0.539">
    <failure type="java.lang.AssertionError" message="did not expect [There is no product that matches the search criteria.] but found [There is no product that matches the search criteria.]">
      <![CDATA[java.lang.AssertionError: did not expect [There is no product that matches the search criteria.] but found [There is no product that matches the search criteria.]
at tests.SearchTest.searchWithAnInvalidProduct(SearchTest.java:50)
at java.base/java.util.ArrayList.forEach(ArrayList.java:1511)
... Removed 36 stack frames]]>
    </failure>
  </testcase> <!-- searchWithAnInvalidProduct -->
  <testcase classname="tests.SearchTest" name="searchWithoutEnteringProductDetails" time="0.0">
    <skipped/>
  </testcase> <!-- searchWithoutEnteringProductDetails -->
</testsuite> <!-- Test -->
