<!DOCTYPE html PUBLIC "-//W3C//DTD XHTML 1.1//EN" "https://www.w3.org/TR/xhtml11/DTD/xhtml11.dtd">
<html xmlns="https://www.w3.org/1999/xhtml">
<head>
<meta http-equiv="content-type" content="text/html; charset=UTF-8"/>
<title>TestNG Report</title>
<style type="text/css">table {margin-bottom:10px;border-collapse:collapse;empty-cells:show}th,td {border:1px solid #009;padding:.25em .5em}th {vertical-align:bottom}td {vertical-align:top}table a {font-weight:bold}.stripe td {background-color: #E6EBF9}.num {text-align:right}.passedodd td {background-color: #3F3}.passedeven td {background-color: #0A0}.skippedodd td {background-color: #DDD}.skippedeven td {background-color: #CCC}.failedodd td,.attn {background-color: #F33}.failedeven td,.stripe .attn {background-color: #D00}.stacktrace {white-space:pre;font-family:monospace}.totop {font-size:85%;text-align:center;border-bottom:2px solid #000}.invisible {display:none}</style>
</head>
<body>
<table>
<tr><th>Test</th><th># Passed</th><th># Skipped</th><th># Retried</th><th># Failed</th><th>Time (ms)</th><th>Included Groups</th><th>Excluded Groups</th></tr>
<tr><th colspan="8">Suite</th></tr>
<tr><td><a href="#t0">Test</a></td><td class="num">11</td><td class="num attn">1</td><td class="num">0</td><td class="num attn">2</td><td class="num">56,660</td><td></td><td></td></tr>
</table>
<table id='summary'><thead><tr><th>Class</th><th>Method</th><th>Start</th><th>Time (ms)</th></tr></thead><tbody><tr><th colspan="4">Suite</th></tr></tbody><tbody id="t0"><tr><th colspan="4">Test &#8212; failed</th></tr><tr class="failedeven"><td rowspan="2">tests.Search</td><td><a href="#m0">searchForAValidProduct</a></td><td rowspan="1">1668591061931</td><td rowspan="1">607</td></tr><tr class="failedeven"><td><a href="#m1">searchWithAnInvalidProduct</a></td><td rowspan="1">1668591066117</td><td rowspan="1">693</td></tr><tr><th colspan="4">Test &#8212; skipped</th></tr><tr class="skippedeven"><td rowspan="1">tests.Search</td><td><a href="#m2">searchWithoutEnteringProductDetails</a></td><td rowspan="1">1668591067513</td><td rowspan="1">0</td></tr><tr><th colspan="4">Test &#8212; passed</th></tr><tr class="passedeven"><td rowspan="7">tests.Login</td><td><a href="#m3">loginWithInvalidCredentials</a></td><td rowspan="1">1668591037285</td><td rowspan="1">1021</td></tr><tr class="passedeven"><td><a href="#m4">loginWithInvalidEmailAndValidPassword</a></td><td rowspan="1">1668591030571</td><td rowspan="1">1122</td></tr><tr class="passedeven"><td><a href="#m5">loginWithValidCredentials</a></td><td rowspan="3">1668591018765</td><td rowspan="3">1158</td></tr><tr class="passedeven"><td><a href="#m6">loginWithValidCredentials</a></td></tr><tr class="passedeven"><td><a href="#m7">loginWithValidCredentials</a></td></tr><tr class="passedeven"><td><a href="#m8">loginWithValidEmailAndInvalidPassword</a></td><td rowspan="1">1668591034025</td><td rowspan="1">923</td></tr><tr class="passedeven"><td><a href="#m9">loginWithoutProvidingAnyCredentials</a></td><td rowspan="1">1668591040684</td><td rowspan="1">969</td></tr><tr class="passedodd"><td rowspan="4">tests.Register</td><td><a href="#m10">registerWithAllFields</a></td><td rowspan="1">1668591048707</td><td rowspan="1">1849</td></tr><tr class="passedodd"><td><a href="#m11">registerWithDuplicateEmailAddress</a></td><td rowspan="1">1668591057173</td><td rowspan="1">1993</td></tr><tr class="passedodd"><td><a href="#m12">registerWithMandatoryFields</a></td><td rowspan="1">1668591044178</td><td rowspan="1">1808</td></tr><tr class="passedodd"><td><a href="#m13">registerWithoutFillingAnyFieds</a></td><td rowspan="1">1668591053337</td><td rowspan="1">1159</td></tr></tbody>
</table>
<h2>Test</h2><h3 id="m0">tests.Search#searchForAValidProduct</h3><table class="result"><tr><th>Exception</th></tr><tr><td><div class="stacktrace">java.lang.AssertionError: expected [false] but found [true]
	at tests.Search.searchForAValidProduct(Search.java:40)
	at java.base/java.util.ArrayList.forEach(ArrayList.java:1511)
... Removed 31 stack frames</div></td></tr></table><p class="totop"><a href="#summary">back to summary</a></p>
<h3 id="m1">tests.Search#searchWithAnInvalidProduct</h3><table class="result"><tr><th>Exception</th></tr><tr><td><div class="stacktrace">java.lang.AssertionError: did not expect [There is no product that matches the search criteria.] but found [There is no product that matches the search criteria.]
	at tests.Search.searchWithAnInvalidProduct(Search.java:50)
	at java.base/java.util.ArrayList.forEach(ArrayList.java:1511)
... Removed 32 stack frames</div></td></tr></table><p class="totop"><a href="#summary">back to summary</a></p>
<h3 id="m2">tests.Search#searchWithoutEnteringProductDetails</h3><table class="result"><tr><th>Exception</th></tr><tr><td><div class="stacktrace">java.lang.Throwable: Method tests.Search.searchWithoutEnteringProductDetails() on instance tests.Search@74235045 depends on not successfully finished methods 
[tests.Search.searchForAValidProduct() on instance tests.Search@74235045
tests.Search.searchWithAnInvalidProduct() on instance tests.Search@74235045]
	at java.base/java.util.ArrayList.forEach(ArrayList.java:1511)
... Removed 18 stack frames</div></td></tr></table><p class="totop"><a href="#summary">back to summary</a></p>
<h3 id="m3">tests.Login#loginWithInvalidCredentials</h3><table class="result"><tr><th class="invisible"/></tr></table><p class="totop"><a href="#summary">back to summary</a></p>
<h3 id="m4">tests.Login#loginWithInvalidEmailAndValidPassword</h3><table class="result"><tr><th class="invisible"/></tr></table><p class="totop"><a href="#summary">back to summary</a></p>
<h3 id="m5">tests.Login#loginWithValidCredentials</h3><table class="result"><tr class="param"><th>Parameter #1</th><th>Parameter #2</th></tr><tr class="param stripe"><td>amotooricap9@gmail.com</td><td>12345</td></tr></table><p class="totop"><a href="#summary">back to summary</a></p>
<h3 id="m6">tests.Login#loginWithValidCredentials</h3><table class="result"><tr class="param"><th>Parameter #1</th><th>Parameter #2</th></tr><tr class="param stripe"><td>amotooricap1@gmail.com</td><td>12345</td></tr></table><p class="totop"><a href="#summary">back to summary</a></p>
<h3 id="m7">tests.Login#loginWithValidCredentials</h3><table class="result"><tr class="param"><th>Parameter #1</th><th>Parameter #2</th></tr><tr class="param stripe"><td>amotooricap3@gmail.com</td><td>12345</td></tr></table><p class="totop"><a href="#summary">back to summary</a></p>
<h3 id="m8">tests.Login#loginWithValidEmailAndInvalidPassword</h3><table class="result"><tr><th class="invisible"/></tr></table><p class="totop"><a href="#summary">back to summary</a></p>
<h3 id="m9">tests.Login#loginWithoutProvidingAnyCredentials</h3><table class="result"><tr><th class="invisible"/></tr></table><p class="totop"><a href="#summary">back to summary</a></p>
<h3 id="m10">tests.Register#registerWithAllFields</h3><table class="result"><tr><th class="invisible"/></tr></table><p class="totop"><a href="#summary">back to summary</a></p>
<h3 id="m11">tests.Register#registerWithDuplicateEmailAddress</h3><table class="result"><tr><th class="invisible"/></tr></table><p class="totop"><a href="#summary">back to summary</a></p>
<h3 id="m12">tests.Register#registerWithMandatoryFields</h3><table class="result"><tr><th class="invisible"/></tr></table><p class="totop"><a href="#summary">back to summary</a></p>
<h3 id="m13">tests.Register#registerWithoutFillingAnyFieds</h3><table class="result"><tr><th class="invisible"/></tr></table><p class="totop"><a href="#summary">back to summary</a></p>
</body>
</html>
