<?xml version="1.0" encoding="UTF-8"?>
<testng-results ignored="0" total="14" passed="11" failed="2" skipped="1">
  <reporter-output>
  </reporter-output>
  <suite started-at="2022-11-16T15:00:10 IST" name="Suite" finished-at="2022-11-16T15:01:07 IST" duration-ms="56660">
    <groups>
    </groups>
    <test started-at="2022-11-16T15:00:10 IST" name="Test" finished-at="2022-11-16T15:01:07 IST" duration-ms="56660">
      <class name="tests.Login">
        <test-method is-config="true" signature="setup()[pri:0, instance:tests.Login@18078bef]" started-at="2022-11-16T15:00:12 IST" name="setup" finished-at="2022-11-16T15:00:18 IST" duration-ms="6156" status="PASS">
          <reporter-output>
          </reporter-output>
        </test-method> <!-- setup -->
        <test-method signature="loginWithValidCredentials(java.lang.String,java.lang.String)[pri:1, instance:tests.Login@18078bef]" started-at="2022-11-16T15:00:18 IST" name="loginWithValidCredentials" data-provider="dataSupplierFromExcelFile" finished-at="2022-11-16T15:00:19 IST" duration-ms="1158" status="PASS">
          <params>
            <param index="0">
              <value>
                <![CDATA[amotooricap9@gmail.com]]>
              </value>
            </param>
            <param index="1">
              <value>
                <![CDATA[12345]]>
              </value>
            </param>
          </params>
          <reporter-output>
          </reporter-output>
        </test-method> <!-- loginWithValidCredentials -->
        <test-method is-config="true" signature="tearDown()[pri:0, instance:tests.Login@18078bef]" started-at="2022-11-16T15:00:19 IST" name="tearDown" finished-at="2022-11-16T15:00:20 IST" duration-ms="447" status="PASS">
          <reporter-output>
          </reporter-output>
        </test-method> <!-- tearDown -->
        <test-method is-config="true" signature="setup()[pri:0, instance:tests.Login@18078bef]" started-at="2022-11-16T15:00:20 IST" name="setup" finished-at="2022-11-16T15:00:22 IST" duration-ms="2245" status="PASS">
          <reporter-output>
          </reporter-output>
        </test-method> <!-- setup -->
        <test-method signature="loginWithValidCredentials(java.lang.String,java.lang.String)[pri:1, instance:tests.Login@18078bef]" started-at="2022-11-16T15:00:22 IST" name="loginWithValidCredentials" data-provider="dataSupplierFromExcelFile" finished-at="2022-11-16T15:00:23 IST" duration-ms="1156" status="PASS">
          <params>
            <param index="0">
              <value>
                <![CDATA[amotooricap1@gmail.com]]>
              </value>
            </param>
            <param index="1">
              <value>
                <![CDATA[12345]]>
              </value>
            </param>
          </params>
          <reporter-output>
          </reporter-output>
        </test-method> <!-- loginWithValidCredentials -->
        <test-method is-config="true" signature="tearDown()[pri:0, instance:tests.Login@18078bef]" started-at="2022-11-16T15:00:23 IST" name="tearDown" finished-at="2022-11-16T15:00:24 IST" duration-ms="309" status="PASS">
          <reporter-output>
          </reporter-output>
        </test-method> <!-- tearDown -->
        <test-method is-config="true" signature="setup()[pri:0, instance:tests.Login@18078bef]" started-at="2022-11-16T15:00:24 IST" name="setup" finished-at="2022-11-16T15:00:26 IST" duration-ms="2423" status="PASS">
          <reporter-output>
          </reporter-output>
        </test-method> <!-- setup -->
        <test-method signature="loginWithValidCredentials(java.lang.String,java.lang.String)[pri:1, instance:tests.Login@18078bef]" started-at="2022-11-16T15:00:26 IST" name="loginWithValidCredentials" data-provider="dataSupplierFromExcelFile" finished-at="2022-11-16T15:00:27 IST" duration-ms="1300" status="PASS">
          <params>
            <param index="0">
              <value>
                <![CDATA[amotooricap3@gmail.com]]>
              </value>
            </param>
            <param index="1">
              <value>
                <![CDATA[12345]]>
              </value>
            </param>
          </params>
          <reporter-output>
          </reporter-output>
        </test-method> <!-- loginWithValidCredentials -->
        <test-method is-config="true" signature="tearDown()[pri:0, instance:tests.Login@18078bef]" started-at="2022-11-16T15:00:27 IST" name="tearDown" finished-at="2022-11-16T15:00:28 IST" duration-ms="412" status="PASS">
          <reporter-output>
          </reporter-output>
        </test-method> <!-- tearDown -->
        <test-method is-config="true" signature="setup()[pri:0, instance:tests.Login@18078bef]" started-at="2022-11-16T15:00:28 IST" name="setup" finished-at="2022-11-16T15:00:30 IST" duration-ms="2328" status="PASS">
          <reporter-output>
          </reporter-output>
        </test-method> <!-- setup -->
        <test-method signature="loginWithInvalidEmailAndValidPassword()[pri:2, instance:tests.Login@18078bef]" started-at="2022-11-16T15:00:30 IST" name="loginWithInvalidEmailAndValidPassword" finished-at="2022-11-16T15:00:31 IST" depends-on-methods="tests.Login.loginWithValidCredentials" duration-ms="1122" status="PASS">
          <reporter-output>
          </reporter-output>
        </test-method> <!-- loginWithInvalidEmailAndValidPassword -->
        <test-method is-config="true" signature="tearDown()[pri:0, instance:tests.Login@18078bef]" started-at="2022-11-16T15:00:31 IST" name="tearDown" finished-at="2022-11-16T15:00:32 IST" duration-ms="344" status="PASS">
          <reporter-output>
          </reporter-output>
        </test-method> <!-- tearDown -->
        <test-method is-config="true" signature="setup()[pri:0, instance:tests.Login@18078bef]" started-at="2022-11-16T15:00:32 IST" name="setup" finished-at="2022-11-16T15:00:34 IST" duration-ms="1985" status="PASS">
          <reporter-output>
          </reporter-output>
        </test-method> <!-- setup -->
        <test-method signature="loginWithValidEmailAndInvalidPassword()[pri:3, instance:tests.Login@18078bef]" started-at="2022-11-16T15:00:34 IST" name="loginWithValidEmailAndInvalidPassword" finished-at="2022-11-16T15:00:34 IST" depends-on-methods="tests.Login.loginWithInvalidEmailAndValidPassword" duration-ms="923" status="PASS">
          <reporter-output>
          </reporter-output>
        </test-method> <!-- loginWithValidEmailAndInvalidPassword -->
        <test-method is-config="true" signature="tearDown()[pri:0, instance:tests.Login@18078bef]" started-at="2022-11-16T15:00:34 IST" name="tearDown" finished-at="2022-11-16T15:00:35 IST" duration-ms="354" status="PASS">
          <reporter-output>
          </reporter-output>
        </test-method> <!-- tearDown -->
        <test-method is-config="true" signature="setup()[pri:0, instance:tests.Login@18078bef]" started-at="2022-11-16T15:00:35 IST" name="setup" finished-at="2022-11-16T15:00:37 IST" duration-ms="1980" status="PASS">
          <reporter-output>
          </reporter-output>
        </test-method> <!-- setup -->
        <test-method signature="loginWithInvalidCredentials()[pri:4, instance:tests.Login@18078bef]" started-at="2022-11-16T15:00:37 IST" name="loginWithInvalidCredentials" finished-at="2022-11-16T15:00:38 IST" duration-ms="1021" status="PASS">
          <reporter-output>
          </reporter-output>
        </test-method> <!-- loginWithInvalidCredentials -->
        <test-method is-config="true" signature="tearDown()[pri:0, instance:tests.Login@18078bef]" started-at="2022-11-16T15:00:38 IST" name="tearDown" finished-at="2022-11-16T15:00:38 IST" duration-ms="308" status="PASS">
          <reporter-output>
          </reporter-output>
        </test-method> <!-- tearDown -->
        <test-method is-config="true" signature="setup()[pri:0, instance:tests.Login@18078bef]" started-at="2022-11-16T15:00:38 IST" name="setup" finished-at="2022-11-16T15:00:40 IST" duration-ms="2065" status="PASS">
          <reporter-output>
          </reporter-output>
        </test-method> <!-- setup -->
        <test-method signature="loginWithoutProvidingAnyCredentials()[pri:5, instance:tests.Login@18078bef]" started-at="2022-11-16T15:00:40 IST" name="loginWithoutProvidingAnyCredentials" finished-at="2022-11-16T15:00:41 IST" duration-ms="969" status="PASS">
          <reporter-output>
          </reporter-output>
        </test-method> <!-- loginWithoutProvidingAnyCredentials -->
        <test-method is-config="true" signature="tearDown()[pri:0, instance:tests.Login@18078bef]" started-at="2022-11-16T15:00:41 IST" name="tearDown" finished-at="2022-11-16T15:00:41 IST" duration-ms="339" status="PASS">
          <reporter-output>
          </reporter-output>
        </test-method> <!-- tearDown -->
      </class> <!-- tests.Login -->
      <class name="tests.Search">
        <test-method is-config="true" signature="setup()[pri:0, instance:tests.Search@74235045]" started-at="2022-11-16T15:00:59 IST" name="setup" finished-at="2022-11-16T15:01:01 IST" duration-ms="2418" status="PASS">
          <reporter-output>
          </reporter-output>
        </test-method> <!-- setup -->
        <test-method signature="searchForAValidProduct()[pri:1, instance:tests.Search@74235045]" started-at="2022-11-16T15:01:01 IST" name="searchForAValidProduct" finished-at="2022-11-16T15:01:02 IST" duration-ms="607" status="FAIL">
          <exception class="java.lang.AssertionError">
            <message>
              <![CDATA[expected [false] but found [true]]]>
            </message>
            <full-stacktrace>
              <![CDATA[java.lang.AssertionError: expected [false] but found [true]
at org.testng.Assert.fail(Assert.java:110)
at org.testng.Assert.failNotEquals(Assert.java:1413)
at org.testng.Assert.assertFalse(Assert.java:78)
at org.testng.Assert.assertFalse(Assert.java:88)
at tests.Search.searchForAValidProduct(Search.java:40)
at java.base/jdk.internal.reflect.NativeMethodAccessorImpl.invoke0(Native Method)
at java.base/jdk.internal.reflect.NativeMethodAccessorImpl.invoke(NativeMethodAccessorImpl.java:77)
at java.base/jdk.internal.reflect.DelegatingMethodAccessorImpl.invoke(DelegatingMethodAccessorImpl.java:43)
at java.base/java.lang.reflect.Method.invoke(Method.java:568)
at org.testng.internal.invokers.MethodInvocationHelper.invokeMethod(MethodInvocationHelper.java:139)
at org.testng.internal.invokers.TestInvoker.invokeMethod(TestInvoker.java:677)
at org.testng.internal.invokers.TestInvoker.invokeTestMethod(TestInvoker.java:221)
at org.testng.internal.invokers.MethodRunner.runInSequence(MethodRunner.java:50)
at org.testng.internal.invokers.TestInvoker$MethodInvocationAgent.invoke(TestInvoker.java:962)
at org.testng.internal.invokers.TestInvoker.invokeTestMethods(TestInvoker.java:194)
at org.testng.internal.invokers.TestMethodWorker.invokeTestMethods(TestMethodWorker.java:148)
at org.testng.internal.invokers.TestMethodWorker.run(TestMethodWorker.java:128)
at java.base/java.util.ArrayList.forEach(ArrayList.java:1511)
at org.testng.TestRunner.privateRun(TestRunner.java:806)
at org.testng.TestRunner.run(TestRunner.java:601)
at org.testng.SuiteRunner.runTest(SuiteRunner.java:433)
at org.testng.SuiteRunner.runSequentially(SuiteRunner.java:427)
at org.testng.SuiteRunner.privateRun(SuiteRunner.java:387)
at org.testng.SuiteRunner.run(SuiteRunner.java:330)
at org.testng.SuiteRunnerWorker.runSuite(SuiteRunnerWorker.java:52)
at org.testng.SuiteRunnerWorker.run(SuiteRunnerWorker.java:95)
at org.testng.TestNG.runSuitesSequentially(TestNG.java:1256)
at org.testng.TestNG.runSuitesLocally(TestNG.java:1176)
at org.testng.TestNG.runSuites(TestNG.java:1099)
at org.testng.TestNG.run(TestNG.java:1067)
at org.testng.remote.AbstractRemoteTestNG.run(AbstractRemoteTestNG.java:115)
at org.testng.remote.RemoteTestNG.initAndRun(RemoteTestNG.java:251)
at org.testng.remote.RemoteTestNG.main(RemoteTestNG.java:77)
]]>
            </full-stacktrace>
          </exception> <!-- java.lang.AssertionError -->
          <reporter-output>
          </reporter-output>
        </test-method> <!-- searchForAValidProduct -->
        <test-method is-config="true" signature="tearDown()[pri:0, instance:tests.Search@74235045]" started-at="2022-11-16T15:01:02 IST" name="tearDown" finished-at="2022-11-16T15:01:03 IST" duration-ms="393" status="PASS">
          <reporter-output>
          </reporter-output>
        </test-method> <!-- tearDown -->
        <test-method is-config="true" signature="setup()[pri:0, instance:tests.Search@74235045]" started-at="2022-11-16T15:01:03 IST" name="setup" finished-at="2022-11-16T15:01:06 IST" duration-ms="2922" status="PASS">
          <reporter-output>
          </reporter-output>
        </test-method> <!-- setup -->
        <test-method signature="searchWithAnInvalidProduct()[pri:2, instance:tests.Search@74235045]" started-at="2022-11-16T15:01:06 IST" name="searchWithAnInvalidProduct" finished-at="2022-11-16T15:01:06 IST" duration-ms="693" status="FAIL">
          <exception class="java.lang.AssertionError">
            <message>
              <![CDATA[did not expect [There is no product that matches the search criteria.] but found [There is no product that matches the search criteria.]]]>
            </message>
            <full-stacktrace>
              <![CDATA[java.lang.AssertionError: did not expect [There is no product that matches the search criteria.] but found [There is no product that matches the search criteria.]
at org.testng.Assert.fail(Assert.java:110)
at org.testng.Assert.failEquals(Assert.java:1417)
at org.testng.Assert.assertNotEqualsImpl(Assert.java:156)
at org.testng.Assert.assertNotEquals(Assert.java:2033)
at org.testng.Assert.assertNotEquals(Assert.java:2055)
at tests.Search.searchWithAnInvalidProduct(Search.java:50)
at java.base/jdk.internal.reflect.NativeMethodAccessorImpl.invoke0(Native Method)
at java.base/jdk.internal.reflect.NativeMethodAccessorImpl.invoke(NativeMethodAccessorImpl.java:77)
at java.base/jdk.internal.reflect.DelegatingMethodAccessorImpl.invoke(DelegatingMethodAccessorImpl.java:43)
at java.base/java.lang.reflect.Method.invoke(Method.java:568)
at org.testng.internal.invokers.MethodInvocationHelper.invokeMethod(MethodInvocationHelper.java:139)
at org.testng.internal.invokers.TestInvoker.invokeMethod(TestInvoker.java:677)
at org.testng.internal.invokers.TestInvoker.invokeTestMethod(TestInvoker.java:221)
at org.testng.internal.invokers.MethodRunner.runInSequence(MethodRunner.java:50)
at org.testng.internal.invokers.TestInvoker$MethodInvocationAgent.invoke(TestInvoker.java:962)
at org.testng.internal.invokers.TestInvoker.invokeTestMethods(TestInvoker.java:194)
at org.testng.internal.invokers.TestMethodWorker.invokeTestMethods(TestMethodWorker.java:148)
at org.testng.internal.invokers.TestMethodWorker.run(TestMethodWorker.java:128)
at java.base/java.util.ArrayList.forEach(ArrayList.java:1511)
at org.testng.TestRunner.privateRun(TestRunner.java:806)
at org.testng.TestRunner.run(TestRunner.java:601)
at org.testng.SuiteRunner.runTest(SuiteRunner.java:433)
at org.testng.SuiteRunner.runSequentially(SuiteRunner.java:427)
at org.testng.SuiteRunner.privateRun(SuiteRunner.java:387)
at org.testng.SuiteRunner.run(SuiteRunner.java:330)
at org.testng.SuiteRunnerWorker.runSuite(SuiteRunnerWorker.java:52)
at org.testng.SuiteRunnerWorker.run(SuiteRunnerWorker.java:95)
at org.testng.TestNG.runSuitesSequentially(TestNG.java:1256)
at org.testng.TestNG.runSuitesLocally(TestNG.java:1176)
at org.testng.TestNG.runSuites(TestNG.java:1099)
at org.testng.TestNG.run(TestNG.java:1067)
at org.testng.remote.AbstractRemoteTestNG.run(AbstractRemoteTestNG.java:115)
at org.testng.remote.RemoteTestNG.initAndRun(RemoteTestNG.java:251)
at org.testng.remote.RemoteTestNG.main(RemoteTestNG.java:77)
]]>
            </full-stacktrace>
          </exception> <!-- java.lang.AssertionError -->
          <reporter-output>
          </reporter-output>
        </test-method> <!-- searchWithAnInvalidProduct -->
        <test-method is-config="true" signature="tearDown()[pri:0, instance:tests.Search@74235045]" started-at="2022-11-16T15:01:07 IST" name="tearDown" finished-at="2022-11-16T15:01:07 IST" duration-ms="424" status="PASS">
          <reporter-output>
          </reporter-output>
        </test-method> <!-- tearDown -->
        <test-method signature="searchWithoutEnteringProductDetails()[pri:3, instance:tests.Search@74235045]" started-at="2022-11-16T15:01:07 IST" name="searchWithoutEnteringProductDetails" finished-at="2022-11-16T15:01:07 IST" depends-on-methods="tests.Search.searchForAValidProduct, tests.Search.searchWithAnInvalidProduct" duration-ms="0" status="SKIP">
          <exception class="java.lang.Throwable">
            <message>
              <![CDATA[Method tests.Search.searchWithoutEnteringProductDetails() on instance tests.Search@74235045 depends on not successfully finished methods 
[tests.Search.searchForAValidProduct() on instance tests.Search@74235045
tests.Search.searchWithAnInvalidProduct() on instance tests.Search@74235045]]]>
            </message>
            <full-stacktrace>
              <![CDATA[java.lang.Throwable: Method tests.Search.searchWithoutEnteringProductDetails() on instance tests.Search@74235045 depends on not successfully finished methods 
[tests.Search.searchForAValidProduct() on instance tests.Search@74235045
tests.Search.searchWithAnInvalidProduct() on instance tests.Search@74235045]
at org.testng.internal.invokers.TestInvoker.invokeTestMethods(TestInvoker.java:150)
at org.testng.internal.invokers.TestMethodWorker.invokeTestMethods(TestMethodWorker.java:148)
at org.testng.internal.invokers.TestMethodWorker.run(TestMethodWorker.java:128)
at java.base/java.util.ArrayList.forEach(ArrayList.java:1511)
at org.testng.TestRunner.privateRun(TestRunner.java:806)
at org.testng.TestRunner.run(TestRunner.java:601)
at org.testng.SuiteRunner.runTest(SuiteRunner.java:433)
at org.testng.SuiteRunner.runSequentially(SuiteRunner.java:427)
at org.testng.SuiteRunner.privateRun(SuiteRunner.java:387)
at org.testng.SuiteRunner.run(SuiteRunner.java:330)
at org.testng.SuiteRunnerWorker.runSuite(SuiteRunnerWorker.java:52)
at org.testng.SuiteRunnerWorker.run(SuiteRunnerWorker.java:95)
at org.testng.TestNG.runSuitesSequentially(TestNG.java:1256)
at org.testng.TestNG.runSuitesLocally(TestNG.java:1176)
at org.testng.TestNG.runSuites(TestNG.java:1099)
at org.testng.TestNG.run(TestNG.java:1067)
at org.testng.remote.AbstractRemoteTestNG.run(AbstractRemoteTestNG.java:115)
at org.testng.remote.RemoteTestNG.initAndRun(RemoteTestNG.java:251)
at org.testng.remote.RemoteTestNG.main(RemoteTestNG.java:77)
]]>
            </full-stacktrace>
          </exception> <!-- java.lang.Throwable -->
          <reporter-output>
          </reporter-output>
        </test-method> <!-- searchWithoutEnteringProductDetails -->
      </class> <!-- tests.Search -->
      <class name="tests.Register">
        <test-method is-config="true" signature="setup()[pri:0, instance:tests.Register@765d7657]" started-at="2022-11-16T15:00:41 IST" name="setup" finished-at="2022-11-16T15:00:44 IST" duration-ms="2182" status="PASS">
          <reporter-output>
          </reporter-output>
        </test-method> <!-- setup -->
        <test-method signature="registerWithMandatoryFields()[pri:1, instance:tests.Register@765d7657]" started-at="2022-11-16T15:00:44 IST" name="registerWithMandatoryFields" finished-at="2022-11-16T15:00:45 IST" duration-ms="1808" status="PASS">
          <reporter-output>
          </reporter-output>
        </test-method> <!-- registerWithMandatoryFields -->
        <test-method is-config="true" signature="tearDown()[pri:0, instance:tests.Register@765d7657]" started-at="2022-11-16T15:00:45 IST" name="tearDown" finished-at="2022-11-16T15:00:46 IST" duration-ms="303" status="PASS">
          <reporter-output>
          </reporter-output>
        </test-method> <!-- tearDown -->
        <test-method is-config="true" signature="setup()[pri:0, instance:tests.Register@765d7657]" started-at="2022-11-16T15:00:46 IST" name="setup" finished-at="2022-11-16T15:00:48 IST" duration-ms="2415" status="PASS">
          <reporter-output>
          </reporter-output>
        </test-method> <!-- setup -->
        <test-method signature="registerWithAllFields()[pri:2, instance:tests.Register@765d7657]" started-at="2022-11-16T15:00:48 IST" name="registerWithAllFields" finished-at="2022-11-16T15:00:50 IST" duration-ms="1849" status="PASS">
          <reporter-output>
          </reporter-output>
        </test-method> <!-- registerWithAllFields -->
        <test-method is-config="true" signature="tearDown()[pri:0, instance:tests.Register@765d7657]" started-at="2022-11-16T15:00:50 IST" name="tearDown" finished-at="2022-11-16T15:00:50 IST" duration-ms="315" status="PASS">
          <reporter-output>
          </reporter-output>
        </test-method> <!-- tearDown -->
        <test-method is-config="true" signature="setup()[pri:0, instance:tests.Register@765d7657]" started-at="2022-11-16T15:00:50 IST" name="setup" finished-at="2022-11-16T15:00:53 IST" duration-ms="2462" status="PASS">
          <reporter-output>
          </reporter-output>
        </test-method> <!-- setup -->
        <test-method signature="registerWithoutFillingAnyFieds()[pri:3, instance:tests.Register@765d7657]" started-at="2022-11-16T15:00:53 IST" name="registerWithoutFillingAnyFieds" finished-at="2022-11-16T15:00:54 IST" duration-ms="1159" status="PASS">
          <reporter-output>
          </reporter-output>
        </test-method> <!-- registerWithoutFillingAnyFieds -->
        <test-method is-config="true" signature="tearDown()[pri:0, instance:tests.Register@765d7657]" started-at="2022-11-16T15:00:54 IST" name="tearDown" finished-at="2022-11-16T15:00:54 IST" duration-ms="368" status="PASS">
          <reporter-output>
          </reporter-output>
        </test-method> <!-- tearDown -->
        <test-method is-config="true" signature="setup()[pri:0, instance:tests.Register@765d7657]" started-at="2022-11-16T15:00:54 IST" name="setup" finished-at="2022-11-16T15:00:57 IST" duration-ms="2306" status="PASS">
          <reporter-output>
          </reporter-output>
        </test-method> <!-- setup -->
        <test-method signature="registerWithDuplicateEmailAddress()[pri:4, instance:tests.Register@765d7657]" started-at="2022-11-16T15:00:57 IST" name="registerWithDuplicateEmailAddress" finished-at="2022-11-16T15:00:59 IST" duration-ms="1993" status="PASS">
          <reporter-output>
          </reporter-output>
        </test-method> <!-- registerWithDuplicateEmailAddress -->
        <test-method is-config="true" signature="tearDown()[pri:0, instance:tests.Register@765d7657]" started-at="2022-11-16T15:00:59 IST" name="tearDown" finished-at="2022-11-16T15:00:59 IST" duration-ms="343" status="PASS">
          <reporter-output>
          </reporter-output>
        </test-method> <!-- tearDown -->
      </class> <!-- tests.Register -->
    </test> <!-- Test -->
  </suite> <!-- Suite -->
</testng-results>
